<?xml version="1.0" encoding="UTF-8"?>
<testng-results ignored="0" total="1" passed="1" failed="0" skipped="0">
  <reporter-output>
  </reporter-output>
  <suite started-at="2023-05-17T08:01:27 EDT" name="Default suite" finished-at="2023-05-17T08:01:32 EDT" duration-ms="4528">
    <groups>
    </groups>
    <test started-at="2023-05-17T08:01:27 EDT" name="Default test" finished-at="2023-05-17T08:01:32 EDT" duration-ms="4528">
      <class name="testCases.DataTableTest">
        <test-method is-config="true" signature="setup()[pri:0, instance:testCases.DataTableTest@783a467b]" started-at="2023-05-17T08:01:28 EDT" name="setup" finished-at="2023-05-17T08:01:31 EDT" duration-ms="3496" status="PASS">
          <reporter-output>
          </reporter-output>
        </test-method> <!-- setup -->
        <test-method signature="findMatchingValue()[pri:0, instance:testCases.DataTableTest@783a467b]" started-at="2023-05-17T08:01:31 EDT" name="findMatchingValue" finished-at="2023-05-17T08:01:32 EDT" duration-ms="659" status="PASS">
          <reporter-output>
          </reporter-output>
        </test-method> <!-- findMatchingValue -->
        <test-method is-config="true" signature="tearDown()[pri:0, instance:testCases.DataTableTest@783a467b]" started-at="2023-05-17T08:01:32 EDT" name="tearDown" finished-at="2023-05-17T08:01:32 EDT" duration-ms="317" status="PASS">
          <reporter-output>
          </reporter-output>
        </test-method> <!-- tearDown -->
      </class> <!-- testCases.DataTableTest -->
    </test> <!-- Default test -->
  </suite> <!-- Default suite -->
</testng-results>
